Warning[203] C:\EE2004\GROUPPJ\MINIPROJECT_GROUP7.ASM 192 : Found opcode in column 1. (movwf)
Warning[203] C:\EE2004\GROUPPJ\MINIPROJECT_GROUP7.ASM 193 : Found opcode in column 1. (movlw)
Warning[203] C:\EE2004\GROUPPJ\MINIPROJECT_GROUP7.ASM 194 : Found opcode in column 1. (cpfseq)
Warning[203] C:\EE2004\GROUPPJ\MINIPROJECT_GROUP7.ASM 195 : Found opcode in column 1. (movff)
Warning[203] C:\EE2004\GROUPPJ\MINIPROJECT_GROUP7.ASM 196 : Found opcode in column 1. (movlw)
Warning[203] C:\EE2004\GROUPPJ\MINIPROJECT_GROUP7.ASM 197 : Found opcode in column 1. (movwf)
Warning[203] C:\EE2004\GROUPPJ\MINIPROJECT_GROUP7.ASM 198 : Found opcode in column 1. (movlw)
Warning[203] C:\EE2004\GROUPPJ\MINIPROJECT_GROUP7.ASM 199 : Found opcode in column 1. (movwf)
Warning[203] C:\EE2004\GROUPPJ\MINIPROJECT_GROUP7.ASM 200 : Found opcode in column 1. (bcf)
Warning[203] C:\EE2004\GROUPPJ\MINIPROJECT_GROUP7.ASM 201 : Found opcode in column 1. (comf)
Warning[203] C:\EE2004\GROUPPJ\MINIPROJECT_GROUP7.ASM 202 : Found opcode in column 1. (bsf)
Warning[203] C:\EE2004\GROUPPJ\MINIPROJECT_GROUP7.ASM 204 : Found opcode in column 1. (bra)
Warning[203] C:\EE2004\GROUPPJ\MINIPROJECT_GROUP7.ASM 205 : Found opcode in column 1. (bcf)
Warning[203] C:\EE2004\GROUPPJ\MINIPROJECT_GROUP7.ASM 206 : Found opcode in column 1. (RETURN)
Warning[203] C:\EE2004\GROUPPJ\MINIPROJECT_GROUP7.ASM 211 : Found opcode in column 1. (movwf)
Warning[203] C:\EE2004\GROUPPJ\MINIPROJECT_GROUP7.ASM 212 : Found opcode in column 1. (movlw)
Warning[203] C:\EE2004\GROUPPJ\MINIPROJECT_GROUP7.ASM 213 : Found opcode in column 1. (cpfseq)
Warning[203] C:\EE2004\GROUPPJ\MINIPROJECT_GROUP7.ASM 214 : Found opcode in column 1. (movff)
Warning[203] C:\EE2004\GROUPPJ\MINIPROJECT_GROUP7.ASM 215 : Found opcode in column 1. (movlw)
Warning[203] C:\EE2004\GROUPPJ\MINIPROJECT_GROUP7.ASM 216 : Found opcode in column 1. (movwf)
Warning[203] C:\EE2004\GROUPPJ\MINIPROJECT_GROUP7.ASM 217 : Found opcode in column 1. (movlw)
Warning[203] C:\EE2004\GROUPPJ\MINIPROJECT_GROUP7.ASM 218 : Found opcode in column 1. (movwf)
Warning[203] C:\EE2004\GROUPPJ\MINIPROJECT_GROUP7.ASM 219 : Found opcode in column 1. (bcf)
Warning[203] C:\EE2004\GROUPPJ\MINIPROJECT_GROUP7.ASM 220 : Found opcode in column 1. (comf)
Warning[203] C:\EE2004\GROUPPJ\MINIPROJECT_GROUP7.ASM 221 : Found opcode in column 1. (bsf)
Warning[203] C:\EE2004\GROUPPJ\MINIPROJECT_GROUP7.ASM 223 : Found opcode in column 1. (bra)
Warning[203] C:\EE2004\GROUPPJ\MINIPROJECT_GROUP7.ASM 224 : Found opcode in column 1. (bcf)
Warning[203] C:\EE2004\GROUPPJ\MINIPROJECT_GROUP7.ASM 225 : Found opcode in column 1. (RETURN)
Warning[203] C:\EE2004\GROUPPJ\MINIPROJECT_GROUP7.ASM 228 : Found opcode in column 1. (movwf)
Warning[203] C:\EE2004\GROUPPJ\MINIPROJECT_GROUP7.ASM 229 : Found opcode in column 1. (movlw)
Warning[203] C:\EE2004\GROUPPJ\MINIPROJECT_GROUP7.ASM 230 : Found opcode in column 1. (cpfseq)
Warning[203] C:\EE2004\GROUPPJ\MINIPROJECT_GROUP7.ASM 231 : Found opcode in column 1. (movff)
Warning[203] C:\EE2004\GROUPPJ\MINIPROJECT_GROUP7.ASM 232 : Found opcode in column 1. (movlw)
Warning[203] C:\EE2004\GROUPPJ\MINIPROJECT_GROUP7.ASM 233 : Found opcode in column 1. (movwf)
Warning[203] C:\EE2004\GROUPPJ\MINIPROJECT_GROUP7.ASM 234 : Found opcode in column 1. (movlw)
Warning[203] C:\EE2004\GROUPPJ\MINIPROJECT_GROUP7.ASM 235 : Found opcode in column 1. (movwf)
Warning[203] C:\EE2004\GROUPPJ\MINIPROJECT_GROUP7.ASM 236 : Found opcode in column 1. (bcf)
Warning[203] C:\EE2004\GROUPPJ\MINIPROJECT_GROUP7.ASM 237 : Found opcode in column 1. (comf)
Warning[203] C:\EE2004\GROUPPJ\MINIPROJECT_GROUP7.ASM 238 : Found opcode in column 1. (bsf)
Warning[203] C:\EE2004\GROUPPJ\MINIPROJECT_GROUP7.ASM 240 : Found opcode in column 1. (bra)
Warning[203] C:\EE2004\GROUPPJ\MINIPROJECT_GROUP7.ASM 241 : Found opcode in column 1. (bcf)
Warning[203] C:\EE2004\GROUPPJ\MINIPROJECT_GROUP7.ASM 242 : Found opcode in column 1. (RETURN)
Warning[203] C:\EE2004\GROUPPJ\MINIPROJECT_GROUP7.ASM 247 : Found opcode in column 1. (movwf)
Warning[203] C:\EE2004\GROUPPJ\MINIPROJECT_GROUP7.ASM 248 : Found opcode in column 1. (movlw)
Warning[203] C:\EE2004\GROUPPJ\MINIPROJECT_GROUP7.ASM 249 : Found opcode in column 1. (cpfseq)
Warning[203] C:\EE2004\GROUPPJ\MINIPROJECT_GROUP7.ASM 250 : Found opcode in column 1. (movff)
Warning[203] C:\EE2004\GROUPPJ\MINIPROJECT_GROUP7.ASM 251 : Found opcode in column 1. (movlw)
Warning[203] C:\EE2004\GROUPPJ\MINIPROJECT_GROUP7.ASM 252 : Found opcode in column 1. (movwf)
Warning[203] C:\EE2004\GROUPPJ\MINIPROJECT_GROUP7.ASM 253 : Found opcode in column 1. (movlw)
Warning[203] C:\EE2004\GROUPPJ\MINIPROJECT_GROUP7.ASM 254 : Found opcode in column 1. (movwf)
Warning[203] C:\EE2004\GROUPPJ\MINIPROJECT_GROUP7.ASM 255 : Found opcode in column 1. (bcf)
Warning[203] C:\EE2004\GROUPPJ\MINIPROJECT_GROUP7.ASM 256 : Found opcode in column 1. (comf)
Warning[203] C:\EE2004\GROUPPJ\MINIPROJECT_GROUP7.ASM 257 : Found opcode in column 1. (bsf)
Warning[203] C:\EE2004\GROUPPJ\MINIPROJECT_GROUP7.ASM 259 : Found opcode in column 1. (bra)
Warning[203] C:\EE2004\GROUPPJ\MINIPROJECT_GROUP7.ASM 260 : Found opcode in column 1. (bcf)
Warning[203] C:\EE2004\GROUPPJ\MINIPROJECT_GROUP7.ASM 261 : Found opcode in column 1. (RETURN)
Warning[203] C:\EE2004\GROUPPJ\MINIPROJECT_GROUP7.ASM 264 : Found opcode in column 1. (movwf)
Warning[203] C:\EE2004\GROUPPJ\MINIPROJECT_GROUP7.ASM 265 : Found opcode in column 1. (movlw)
Warning[203] C:\EE2004\GROUPPJ\MINIPROJECT_GROUP7.ASM 266 : Found opcode in column 1. (cpfseq)
Warning[203] C:\EE2004\GROUPPJ\MINIPROJECT_GROUP7.ASM 267 : Found opcode in column 1. (movff)
Warning[203] C:\EE2004\GROUPPJ\MINIPROJECT_GROUP7.ASM 268 : Found opcode in column 1. (movlw)
Warning[203] C:\EE2004\GROUPPJ\MINIPROJECT_GROUP7.ASM 269 : Found opcode in column 1. (movwf)
Warning[203] C:\EE2004\GROUPPJ\MINIPROJECT_GROUP7.ASM 270 : Found opcode in column 1. (movlw)
Warning[203] C:\EE2004\GROUPPJ\MINIPROJECT_GROUP7.ASM 271 : Found opcode in column 1. (movwf)
Warning[203] C:\EE2004\GROUPPJ\MINIPROJECT_GROUP7.ASM 272 : Found opcode in column 1. (bcf)
Warning[203] C:\EE2004\GROUPPJ\MINIPROJECT_GROUP7.ASM 273 : Found opcode in column 1. (comf)
Warning[203] C:\EE2004\GROUPPJ\MINIPROJECT_GROUP7.ASM 274 : Found opcode in column 1. (bsf)
Warning[203] C:\EE2004\GROUPPJ\MINIPROJECT_GROUP7.ASM 276 : Found opcode in column 1. (bra)
Warning[203] C:\EE2004\GROUPPJ\MINIPROJECT_GROUP7.ASM 277 : Found opcode in column 1. (bcf)
Warning[203] C:\EE2004\GROUPPJ\MINIPROJECT_GROUP7.ASM 278 : Found opcode in column 1. (RETURN)
Warning[203] C:\EE2004\GROUPPJ\MINIPROJECT_GROUP7.ASM 283 : Found opcode in column 1. (movwf)
Warning[203] C:\EE2004\GROUPPJ\MINIPROJECT_GROUP7.ASM 284 : Found opcode in column 1. (movlw)
Warning[203] C:\EE2004\GROUPPJ\MINIPROJECT_GROUP7.ASM 285 : Found opcode in column 1. (cpfseq)
Warning[203] C:\EE2004\GROUPPJ\MINIPROJECT_GROUP7.ASM 286 : Found opcode in column 1. (movff)
Warning[203] C:\EE2004\GROUPPJ\MINIPROJECT_GROUP7.ASM 287 : Found opcode in column 1. (movlw)
Warning[203] C:\EE2004\GROUPPJ\MINIPROJECT_GROUP7.ASM 288 : Found opcode in column 1. (movwf)
Warning[203] C:\EE2004\GROUPPJ\MINIPROJECT_GROUP7.ASM 289 : Found opcode in column 1. (movlw)
Warning[203] C:\EE2004\GROUPPJ\MINIPROJECT_GROUP7.ASM 290 : Found opcode in column 1. (movwf)
Warning[203] C:\EE2004\GROUPPJ\MINIPROJECT_GROUP7.ASM 291 : Found opcode in column 1. (bcf)
Warning[203] C:\EE2004\GROUPPJ\MINIPROJECT_GROUP7.ASM 292 : Found opcode in column 1. (comf)
Warning[203] C:\EE2004\GROUPPJ\MINIPROJECT_GROUP7.ASM 293 : Found opcode in column 1. (bsf)
Warning[203] C:\EE2004\GROUPPJ\MINIPROJECT_GROUP7.ASM 295 : Found opcode in column 1. (bra)
Warning[203] C:\EE2004\GROUPPJ\MINIPROJECT_GROUP7.ASM 296 : Found opcode in column 1. (bcf)
Warning[203] C:\EE2004\GROUPPJ\MINIPROJECT_GROUP7.ASM 297 : Found opcode in column 1. (RETURN)
Warning[203] C:\EE2004\GROUPPJ\MINIPROJECT_GROUP7.ASM 300 : Found opcode in column 1. (movwf)
Warning[203] C:\EE2004\GROUPPJ\MINIPROJECT_GROUP7.ASM 301 : Found opcode in column 1. (movlw)
Warning[203] C:\EE2004\GROUPPJ\MINIPROJECT_GROUP7.ASM 302 : Found opcode in column 1. (cpfseq)
Warning[203] C:\EE2004\GROUPPJ\MINIPROJECT_GROUP7.ASM 303 : Found opcode in column 1. (movff)
Warning[203] C:\EE2004\GROUPPJ\MINIPROJECT_GROUP7.ASM 304 : Found opcode in column 1. (movlw)
Warning[203] C:\EE2004\GROUPPJ\MINIPROJECT_GROUP7.ASM 305 : Found opcode in column 1. (movwf)
Warning[203] C:\EE2004\GROUPPJ\MINIPROJECT_GROUP7.ASM 306 : Found opcode in column 1. (movlw)
Warning[203] C:\EE2004\GROUPPJ\MINIPROJECT_GROUP7.ASM 307 : Found opcode in column 1. (movwf)
Warning[203] C:\EE2004\GROUPPJ\MINIPROJECT_GROUP7.ASM 308 : Found opcode in column 1. (bcf)
Warning[203] C:\EE2004\GROUPPJ\MINIPROJECT_GROUP7.ASM 309 : Found opcode in column 1. (comf)
Warning[203] C:\EE2004\GROUPPJ\MINIPROJECT_GROUP7.ASM 310 : Found opcode in column 1. (bsf)
Warning[203] C:\EE2004\GROUPPJ\MINIPROJECT_GROUP7.ASM 312 : Found opcode in column 1. (bra)
Warning[203] C:\EE2004\GROUPPJ\MINIPROJECT_GROUP7.ASM 313 : Found opcode in column 1. (bcf)
Warning[203] C:\EE2004\GROUPPJ\MINIPROJECT_GROUP7.ASM 314 : Found opcode in column 1. (RETURN)
Warning[203] C:\EE2004\GROUPPJ\MINIPROJECT_GROUP7.ASM 319 : Found opcode in column 1. (movwf)
Warning[203] C:\EE2004\GROUPPJ\MINIPROJECT_GROUP7.ASM 320 : Found opcode in column 1. (movlw)
Warning[203] C:\EE2004\GROUPPJ\MINIPROJECT_GROUP7.ASM 321 : Found opcode in column 1. (cpfseq)
Warning[203] C:\EE2004\GROUPPJ\MINIPROJECT_GROUP7.ASM 322 : Found opcode in column 1. (movff)
Warning[203] C:\EE2004\GROUPPJ\MINIPROJECT_GROUP7.ASM 323 : Found opcode in column 1. (movlw)
Warning[203] C:\EE2004\GROUPPJ\MINIPROJECT_GROUP7.ASM 324 : Found opcode in column 1. (movwf)
Warning[203] C:\EE2004\GROUPPJ\MINIPROJECT_GROUP7.ASM 325 : Found opcode in column 1. (movlw)
Warning[203] C:\EE2004\GROUPPJ\MINIPROJECT_GROUP7.ASM 326 : Found opcode in column 1. (movwf)
Warning[203] C:\EE2004\GROUPPJ\MINIPROJECT_GROUP7.ASM 327 : Found opcode in column 1. (bcf)
Warning[203] C:\EE2004\GROUPPJ\MINIPROJECT_GROUP7.ASM 328 : Found opcode in column 1. (comf)
Warning[203] C:\EE2004\GROUPPJ\MINIPROJECT_GROUP7.ASM 329 : Found opcode in column 1. (bsf)
Warning[203] C:\EE2004\GROUPPJ\MINIPROJECT_GROUP7.ASM 331 : Found opcode in column 1. (bra)
Warning[203] C:\EE2004\GROUPPJ\MINIPROJECT_GROUP7.ASM 332 : Found opcode in column 1. (bcf)
Warning[203] C:\EE2004\GROUPPJ\MINIPROJECT_GROUP7.ASM 333 : Found opcode in column 1. (RETURN)
Warning[203] C:\EE2004\GROUPPJ\MINIPROJECT_GROUP7.ASM 336 : Found opcode in column 1. (movwf)
Warning[203] C:\EE2004\GROUPPJ\MINIPROJECT_GROUP7.ASM 337 : Found opcode in column 1. (movlw)
Warning[203] C:\EE2004\GROUPPJ\MINIPROJECT_GROUP7.ASM 338 : Found opcode in column 1. (cpfseq)
Warning[203] C:\EE2004\GROUPPJ\MINIPROJECT_GROUP7.ASM 339 : Found opcode in column 1. (movff)
Warning[203] C:\EE2004\GROUPPJ\MINIPROJECT_GROUP7.ASM 340 : Found opcode in column 1. (movlw)
Warning[203] C:\EE2004\GROUPPJ\MINIPROJECT_GROUP7.ASM 341 : Found opcode in column 1. (movwf)
Warning[203] C:\EE2004\GROUPPJ\MINIPROJECT_GROUP7.ASM 342 : Found opcode in column 1. (movlw)
Warning[203] C:\EE2004\GROUPPJ\MINIPROJECT_GROUP7.ASM 343 : Found opcode in column 1. (movwf)
Warning[203] C:\EE2004\GROUPPJ\MINIPROJECT_GROUP7.ASM 344 : Found opcode in column 1. (bcf)
Warning[203] C:\EE2004\GROUPPJ\MINIPROJECT_GROUP7.ASM 345 : Found opcode in column 1. (comf)
Warning[203] C:\EE2004\GROUPPJ\MINIPROJECT_GROUP7.ASM 346 : Found opcode in column 1. (bsf)
Warning[203] C:\EE2004\GROUPPJ\MINIPROJECT_GROUP7.ASM 348 : Found opcode in column 1. (bra)
Warning[203] C:\EE2004\GROUPPJ\MINIPROJECT_GROUP7.ASM 349 : Found opcode in column 1. (bcf)
Warning[203] C:\EE2004\GROUPPJ\MINIPROJECT_GROUP7.ASM 350 : Found opcode in column 1. (RETURN)
Warning[203] C:\EE2004\GROUPPJ\MINIPROJECT_GROUP7.ASM 355 : Found opcode in column 1. (movwf)
Warning[203] C:\EE2004\GROUPPJ\MINIPROJECT_GROUP7.ASM 356 : Found opcode in column 1. (movlw)
Warning[203] C:\EE2004\GROUPPJ\MINIPROJECT_GROUP7.ASM 357 : Found opcode in column 1. (cpfseq)
Warning[203] C:\EE2004\GROUPPJ\MINIPROJECT_GROUP7.ASM 358 : Found opcode in column 1. (movff)
Warning[203] C:\EE2004\GROUPPJ\MINIPROJECT_GROUP7.ASM 359 : Found opcode in column 1. (movlw)
Warning[203] C:\EE2004\GROUPPJ\MINIPROJECT_GROUP7.ASM 360 : Found opcode in column 1. (movwf)
Warning[203] C:\EE2004\GROUPPJ\MINIPROJECT_GROUP7.ASM 361 : Found opcode in column 1. (movlw)
Warning[203] C:\EE2004\GROUPPJ\MINIPROJECT_GROUP7.ASM 362 : Found opcode in column 1. (movwf)
Warning[203] C:\EE2004\GROUPPJ\MINIPROJECT_GROUP7.ASM 363 : Found opcode in column 1. (bcf)
Warning[203] C:\EE2004\GROUPPJ\MINIPROJECT_GROUP7.ASM 364 : Found opcode in column 1. (comf)
Warning[203] C:\EE2004\GROUPPJ\MINIPROJECT_GROUP7.ASM 365 : Found opcode in column 1. (bsf)
Warning[203] C:\EE2004\GROUPPJ\MINIPROJECT_GROUP7.ASM 367 : Found opcode in column 1. (bra)
Warning[203] C:\EE2004\GROUPPJ\MINIPROJECT_GROUP7.ASM 368 : Found opcode in column 1. (bcf)
Warning[203] C:\EE2004\GROUPPJ\MINIPROJECT_GROUP7.ASM 369 : Found opcode in column 1. (RETURN)
Warning[203] C:\EE2004\GROUPPJ\MINIPROJECT_GROUP7.ASM 372 : Found opcode in column 1. (movwf)
Warning[203] C:\EE2004\GROUPPJ\MINIPROJECT_GROUP7.ASM 373 : Found opcode in column 1. (movlw)
Warning[203] C:\EE2004\GROUPPJ\MINIPROJECT_GROUP7.ASM 374 : Found opcode in column 1. (cpfseq)
Warning[203] C:\EE2004\GROUPPJ\MINIPROJECT_GROUP7.ASM 375 : Found opcode in column 1. (movff)
Warning[203] C:\EE2004\GROUPPJ\MINIPROJECT_GROUP7.ASM 376 : Found opcode in column 1. (movlw)
Warning[203] C:\EE2004\GROUPPJ\MINIPROJECT_GROUP7.ASM 377 : Found opcode in column 1. (movwf)
Warning[203] C:\EE2004\GROUPPJ\MINIPROJECT_GROUP7.ASM 378 : Found opcode in column 1. (movlw)
Warning[203] C:\EE2004\GROUPPJ\MINIPROJECT_GROUP7.ASM 379 : Found opcode in column 1. (movwf)
Warning[203] C:\EE2004\GROUPPJ\MINIPROJECT_GROUP7.ASM 380 : Found opcode in column 1. (bcf)
Warning[203] C:\EE2004\GROUPPJ\MINIPROJECT_GROUP7.ASM 381 : Found opcode in column 1. (comf)
Warning[203] C:\EE2004\GROUPPJ\MINIPROJECT_GROUP7.ASM 382 : Found opcode in column 1. (bsf)
Warning[203] C:\EE2004\GROUPPJ\MINIPROJECT_GROUP7.ASM 384 : Found opcode in column 1. (bra)
Warning[203] C:\EE2004\GROUPPJ\MINIPROJECT_GROUP7.ASM 385 : Found opcode in column 1. (bcf)
Warning[203] C:\EE2004\GROUPPJ\MINIPROJECT_GROUP7.ASM 386 : Found opcode in column 1. (RETURN)
Warning[203] C:\EE2004\GROUPPJ\MINIPROJECT_GROUP7.ASM 391 : Found opcode in column 1. (movwf)
Warning[203] C:\EE2004\GROUPPJ\MINIPROJECT_GROUP7.ASM 392 : Found opcode in column 1. (movlw)
Warning[203] C:\EE2004\GROUPPJ\MINIPROJECT_GROUP7.ASM 393 : Found opcode in column 1. (cpfseq)
Warning[203] C:\EE2004\GROUPPJ\MINIPROJECT_GROUP7.ASM 394 : Found opcode in column 1. (movff)
Warning[203] C:\EE2004\GROUPPJ\MINIPROJECT_GROUP7.ASM 395 : Found opcode in column 1. (movlw)
Warning[203] C:\EE2004\GROUPPJ\MINIPROJECT_GROUP7.ASM 396 : Found opcode in column 1. (movwf)
Warning[203] C:\EE2004\GROUPPJ\MINIPROJECT_GROUP7.ASM 397 : Found opcode in column 1. (movlw)
Warning[203] C:\EE2004\GROUPPJ\MINIPROJECT_GROUP7.ASM 398 : Found opcode in column 1. (movwf)
Warning[203] C:\EE2004\GROUPPJ\MINIPROJECT_GROUP7.ASM 399 : Found opcode in column 1. (bcf)
Warning[203] C:\EE2004\GROUPPJ\MINIPROJECT_GROUP7.ASM 400 : Found opcode in column 1. (comf)
Warning[203] C:\EE2004\GROUPPJ\MINIPROJECT_GROUP7.ASM 401 : Found opcode in column 1. (bsf)
Warning[203] C:\EE2004\GROUPPJ\MINIPROJECT_GROUP7.ASM 403 : Found opcode in column 1. (bra)
Warning[203] C:\EE2004\GROUPPJ\MINIPROJECT_GROUP7.ASM 404 : Found opcode in column 1. (bcf)
Warning[203] C:\EE2004\GROUPPJ\MINIPROJECT_GROUP7.ASM 405 : Found opcode in column 1. (RETURN)
